Symlinking /home/kurt/Robotics/devel/share/roseus/ros/teensy/manifest.l
Symlinking /home/kurt/Robotics/devel/share/roseus/ros/teensy/msg/teensy_pulses.l
Symlinking /home/kurt/Robotics/devel/share/roseus/ros/teensy/msg/teensy_angles.l
Symlinking /home/kurt/Robotics/devel/share/roseus/ros/teensy/msg/ar3_control.l
Symlinking /home/kurt/Robotics/devel/share/common-lisp/ros/teensy/msg/_package_teensy_angles.lisp
Symlinking /home/kurt/Robotics/devel/share/common-lisp/ros/teensy/msg/teensy-msg.asd
Symlinking /home/kurt/Robotics/devel/share/common-lisp/ros/teensy/msg/_package.lisp
Symlinking /home/kurt/Robotics/devel/share/common-lisp/ros/teensy/msg/ar3_control.lisp
Symlinking /home/kurt/Robotics/devel/share/common-lisp/ros/teensy/msg/_package_teensy_pulses.lisp
Symlinking /home/kurt/Robotics/devel/share/common-lisp/ros/teensy/msg/teensy_angles.lisp
Symlinking /home/kurt/Robotics/devel/share/common-lisp/ros/teensy/msg/teensy_pulses.lisp
Symlinking /home/kurt/Robotics/devel/share/common-lisp/ros/teensy/msg/_package_ar3_control.lisp
Symlinking /home/kurt/Robotics/devel/share/teensy/cmake/teensy-msg-paths.cmake
Symlinking /home/kurt/Robotics/devel/share/teensy/cmake/teensy-msg-extras.cmake
Symlinking /home/kurt/Robotics/devel/share/teensy/cmake/teensyConfig-version.cmake
Symlinking /home/kurt/Robotics/devel/share/teensy/cmake/teensyConfig.cmake
Symlinking /home/kurt/Robotics/devel/share/gennodejs/ros/teensy/_index.js
Symlinking /home/kurt/Robotics/devel/share/gennodejs/ros/teensy/msg/teensy_pulses.js
Symlinking /home/kurt/Robotics/devel/share/gennodejs/ros/teensy/msg/teensy_angles.js
Symlinking /home/kurt/Robotics/devel/share/gennodejs/ros/teensy/msg/ar3_control.js
Symlinking /home/kurt/Robotics/devel/share/gennodejs/ros/teensy/msg/_index.js
Symlinking /home/kurt/Robotics/devel/include/teensy/teensy_pulses.h
Symlinking /home/kurt/Robotics/devel/include/teensy/ar3_control.h
Symlinking /home/kurt/Robotics/devel/include/teensy/teensy_angles.h
Symlinking /home/kurt/Robotics/devel/lib/pkgconfig/teensy.pc
Symlinking /home/kurt/Robotics/devel/lib/python2.7/dist-packages/teensy/__init__.py
Symlinking /home/kurt/Robotics/devel/lib/python2.7/dist-packages/teensy/msg/__init__.py
Symlinking /home/kurt/Robotics/devel/lib/python2.7/dist-packages/teensy/msg/_ar3_control.py
Symlinking /home/kurt/Robotics/devel/lib/python2.7/dist-packages/teensy/msg/_teensy_pulses.py
Symlinking /home/kurt/Robotics/devel/lib/python2.7/dist-packages/teensy/msg/_teensy_angles.py
