Linked: (/home/kurt/Robotics/devel/.private/teensy/share/roseus/ros/teensy/manifest.l, /home/kurt/Robotics/devel/share/roseus/ros/teensy/manifest.l)
Linked: (/home/kurt/Robotics/devel/.private/teensy/share/roseus/ros/teensy/msg/teensy_pulses.l, /home/kurt/Robotics/devel/share/roseus/ros/teensy/msg/teensy_pulses.l)
Linked: (/home/kurt/Robotics/devel/.private/teensy/share/roseus/ros/teensy/msg/teensy_angles.l, /home/kurt/Robotics/devel/share/roseus/ros/teensy/msg/teensy_angles.l)
Linked: (/home/kurt/Robotics/devel/.private/teensy/share/roseus/ros/teensy/msg/ar3_control.l, /home/kurt/Robotics/devel/share/roseus/ros/teensy/msg/ar3_control.l)
Linked: (/home/kurt/Robotics/devel/.private/teensy/share/common-lisp/ros/teensy/msg/_package_teensy_angles.lisp, /home/kurt/Robotics/devel/share/common-lisp/ros/teensy/msg/_package_teensy_angles.lisp)
Linked: (/home/kurt/Robotics/devel/.private/teensy/share/common-lisp/ros/teensy/msg/teensy-msg.asd, /home/kurt/Robotics/devel/share/common-lisp/ros/teensy/msg/teensy-msg.asd)
Linked: (/home/kurt/Robotics/devel/.private/teensy/share/common-lisp/ros/teensy/msg/_package.lisp, /home/kurt/Robotics/devel/share/common-lisp/ros/teensy/msg/_package.lisp)
Linked: (/home/kurt/Robotics/devel/.private/teensy/share/common-lisp/ros/teensy/msg/ar3_control.lisp, /home/kurt/Robotics/devel/share/common-lisp/ros/teensy/msg/ar3_control.lisp)
Linked: (/home/kurt/Robotics/devel/.private/teensy/share/common-lisp/ros/teensy/msg/_package_teensy_pulses.lisp, /home/kurt/Robotics/devel/share/common-lisp/ros/teensy/msg/_package_teensy_pulses.lisp)
Linked: (/home/kurt/Robotics/devel/.private/teensy/share/common-lisp/ros/teensy/msg/teensy_angles.lisp, /home/kurt/Robotics/devel/share/common-lisp/ros/teensy/msg/teensy_angles.lisp)
Linked: (/home/kurt/Robotics/devel/.private/teensy/share/common-lisp/ros/teensy/msg/teensy_pulses.lisp, /home/kurt/Robotics/devel/share/common-lisp/ros/teensy/msg/teensy_pulses.lisp)
Linked: (/home/kurt/Robotics/devel/.private/teensy/share/common-lisp/ros/teensy/msg/_package_ar3_control.lisp, /home/kurt/Robotics/devel/share/common-lisp/ros/teensy/msg/_package_ar3_control.lisp)
Linked: (/home/kurt/Robotics/devel/.private/teensy/share/teensy/cmake/teensy-msg-paths.cmake, /home/kurt/Robotics/devel/share/teensy/cmake/teensy-msg-paths.cmake)
Linked: (/home/kurt/Robotics/devel/.private/teensy/share/teensy/cmake/teensy-msg-extras.cmake, /home/kurt/Robotics/devel/share/teensy/cmake/teensy-msg-extras.cmake)
Linked: (/home/kurt/Robotics/devel/.private/teensy/share/teensy/cmake/teensyConfig-version.cmake, /home/kurt/Robotics/devel/share/teensy/cmake/teensyConfig-version.cmake)
Linked: (/home/kurt/Robotics/devel/.private/teensy/share/teensy/cmake/teensyConfig.cmake, /home/kurt/Robotics/devel/share/teensy/cmake/teensyConfig.cmake)
Linked: (/home/kurt/Robotics/devel/.private/teensy/share/gennodejs/ros/teensy/_index.js, /home/kurt/Robotics/devel/share/gennodejs/ros/teensy/_index.js)
Linked: (/home/kurt/Robotics/devel/.private/teensy/share/gennodejs/ros/teensy/msg/teensy_pulses.js, /home/kurt/Robotics/devel/share/gennodejs/ros/teensy/msg/teensy_pulses.js)
Linked: (/home/kurt/Robotics/devel/.private/teensy/share/gennodejs/ros/teensy/msg/teensy_angles.js, /home/kurt/Robotics/devel/share/gennodejs/ros/teensy/msg/teensy_angles.js)
Linked: (/home/kurt/Robotics/devel/.private/teensy/share/gennodejs/ros/teensy/msg/ar3_control.js, /home/kurt/Robotics/devel/share/gennodejs/ros/teensy/msg/ar3_control.js)
Linked: (/home/kurt/Robotics/devel/.private/teensy/share/gennodejs/ros/teensy/msg/_index.js, /home/kurt/Robotics/devel/share/gennodejs/ros/teensy/msg/_index.js)
Linked: (/home/kurt/Robotics/devel/.private/teensy/include/teensy/teensy_pulses.h, /home/kurt/Robotics/devel/include/teensy/teensy_pulses.h)
Linked: (/home/kurt/Robotics/devel/.private/teensy/include/teensy/ar3_control.h, /home/kurt/Robotics/devel/include/teensy/ar3_control.h)
Linked: (/home/kurt/Robotics/devel/.private/teensy/include/teensy/teensy_angles.h, /home/kurt/Robotics/devel/include/teensy/teensy_angles.h)
Linked: (/home/kurt/Robotics/devel/.private/teensy/lib/pkgconfig/teensy.pc, /home/kurt/Robotics/devel/lib/pkgconfig/teensy.pc)
Linked: (/home/kurt/Robotics/devel/.private/teensy/lib/python2.7/dist-packages/teensy/__init__.py, /home/kurt/Robotics/devel/lib/python2.7/dist-packages/teensy/__init__.py)
Linked: (/home/kurt/Robotics/devel/.private/teensy/lib/python2.7/dist-packages/teensy/msg/__init__.py, /home/kurt/Robotics/devel/lib/python2.7/dist-packages/teensy/msg/__init__.py)
Linked: (/home/kurt/Robotics/devel/.private/teensy/lib/python2.7/dist-packages/teensy/msg/_ar3_control.py, /home/kurt/Robotics/devel/lib/python2.7/dist-packages/teensy/msg/_ar3_control.py)
Linked: (/home/kurt/Robotics/devel/.private/teensy/lib/python2.7/dist-packages/teensy/msg/_teensy_pulses.py, /home/kurt/Robotics/devel/lib/python2.7/dist-packages/teensy/msg/_teensy_pulses.py)
Linked: (/home/kurt/Robotics/devel/.private/teensy/lib/python2.7/dist-packages/teensy/msg/_teensy_angles.py, /home/kurt/Robotics/devel/lib/python2.7/dist-packages/teensy/msg/_teensy_angles.py)
