[  0%] Built target _teensy_generate_messages_check_deps_teensy_angles
[  0%] Built target _teensy_generate_messages_check_deps_ar3_control
[  0%] Built target std_msgs_generate_messages_nodejs
[  0%] Built target std_msgs_generate_messages_py
[  0%] Built target std_msgs_generate_messages_cpp
[  0%] Built target std_msgs_generate_messages_eus
[  0%] Built target _teensy_generate_messages_check_deps_teensy_pulses
[  0%] Built target std_msgs_generate_messages_lisp
[  5%] [34m[1mGenerating Python from MSG teensy/ar3_control[0m
[ 11%] [34m[1mGenerating Javascript code from teensy/ar3_control.msg[0m
[ 17%] [34m[1mGenerating C++ code from teensy/ar3_control.msg[0m
[ 23%] [34m[1mGenerating EusLisp code from teensy/ar3_control.msg[0m
[ 35%] Built target teensy_generate_messages_nodejs
[ 41%] [34m[1mGenerating Lisp code from teensy/ar3_control.msg[0m
[ 58%] Built target teensy_generate_messages_eus
[ 64%] [34m[1mGenerating Python msg __init__.py for teensy[0m
[ 76%] Built target teensy_generate_messages_lisp
[ 88%] Built target teensy_generate_messages_cpp
[100%] Built target teensy_generate_messages_py
[100%] Built target teensy_generate_messages
