[35m[1mScanning dependencies of target _teensy_generate_messages_check_deps_ar3_control[0m
[35m[1mScanning dependencies of target _teensy_generate_messages_check_deps_teensy_angles[0m
[35m[1mScanning dependencies of target std_msgs_generate_messages_nodejs[0m
[  0%] Built target std_msgs_generate_messages_nodejs
[35m[1mScanning dependencies of target _teensy_generate_messages_check_deps_teensy_pulses[0m
[  0%] Built target _teensy_generate_messages_check_deps_teensy_angles
[  0%] Built target _teensy_generate_messages_check_deps_ar3_control
[35m[1mScanning dependencies of target std_msgs_generate_messages_py[0m
[35m[1mScanning dependencies of target std_msgs_generate_messages_cpp[0m
[  0%] Built target std_msgs_generate_messages_py
[  0%] Built target _teensy_generate_messages_check_deps_teensy_pulses
[35m[1mScanning dependencies of target std_msgs_generate_messages_eus[0m
[  0%] Built target std_msgs_generate_messages_cpp
[35m[1mScanning dependencies of target std_msgs_generate_messages_lisp[0m
[  0%] Built target std_msgs_generate_messages_eus
[35m[1mScanning dependencies of target teensy_generate_messages_nodejs[0m
[  0%] Built target std_msgs_generate_messages_lisp
[35m[1mScanning dependencies of target teensy_generate_messages_py[0m
[  5%] [34m[1mGenerating Javascript code from teensy/ar3_control.msg[0m
[35m[1mScanning dependencies of target teensy_generate_messages_cpp[0m
[ 11%] [34m[1mGenerating Python from MSG teensy/ar3_control[0m
[ 17%] [34m[1mGenerating C++ code from teensy/ar3_control.msg[0m
[ 23%] [34m[1mGenerating Javascript code from teensy/teensy_angles.msg[0m
[ 29%] [34m[1mGenerating Javascript code from teensy/teensy_pulses.msg[0m
[ 35%] [34m[1mGenerating Python from MSG teensy/teensy_angles[0m
[ 35%] Built target teensy_generate_messages_nodejs
[ 41%] [34m[1mGenerating C++ code from teensy/teensy_angles.msg[0m
[ 47%] [34m[1mGenerating C++ code from teensy/teensy_pulses.msg[0m
[ 52%] [34m[1mGenerating Python from MSG teensy/teensy_pulses[0m
[35m[1mScanning dependencies of target teensy_generate_messages_eus[0m
[ 52%] Built target teensy_generate_messages_cpp
[ 58%] [34m[1mGenerating EusLisp code from teensy/ar3_control.msg[0m
[ 64%] [34m[1mGenerating Python msg __init__.py for teensy[0m
[35m[1mScanning dependencies of target teensy_generate_messages_lisp[0m
[ 70%] [34m[1mGenerating Lisp code from teensy/ar3_control.msg[0m
[ 70%] Built target teensy_generate_messages_py
[ 76%] [34m[1mGenerating Lisp code from teensy/teensy_angles.msg[0m
[ 82%] [34m[1mGenerating EusLisp code from teensy/teensy_angles.msg[0m
[ 88%] [34m[1mGenerating Lisp code from teensy/teensy_pulses.msg[0m
[ 94%] [34m[1mGenerating EusLisp code from teensy/teensy_pulses.msg[0m
[ 94%] Built target teensy_generate_messages_lisp
[100%] [34m[1mGenerating EusLisp manifest code for teensy[0m
[100%] Built target teensy_generate_messages_eus
[35m[1mScanning dependencies of target teensy_generate_messages[0m
[100%] Built target teensy_generate_messages
