Determining if the pthread_create exist failed with the following output:
Change Dir: /home/kurt/Robotics/build/catkin_tools_prebuild/CMakeFiles/CMakeTmp

Run Build Command:"/usr/bin/make" "cmTC_d95f3/fast"
/usr/bin/make -f CMakeFiles/cmTC_d95f3.dir/build.make CMakeFiles/cmTC_d95f3.dir/build
make[1]: Entering directory '/home/kurt/Robotics/build/catkin_tools_prebuild/CMakeFiles/CMakeTmp'
Building C object CMakeFiles/cmTC_d95f3.dir/CheckSymbolExists.c.o
/usr/bin/cc    -o CMakeFiles/cmTC_d95f3.dir/CheckSymbolExists.c.o   -c /home/kurt/Robotics/build/catkin_tools_prebuild/CMakeFiles/CMakeTmp/CheckSymbolExists.c
Linking C executable cmTC_d95f3
/usr/bin/cmake -E cmake_link_script CMakeFiles/cmTC_d95f3.dir/link.txt --verbose=1
/usr/bin/cc      -rdynamic CMakeFiles/cmTC_d95f3.dir/CheckSymbolExists.c.o  -o cmTC_d95f3 
CMakeFiles/cmTC_d95f3.dir/CheckSymbolExists.c.o: In function `main':
CheckSymbolExists.c:(.text+0x1b): undefined reference to `pthread_create'
collect2: error: ld returned 1 exit status
CMakeFiles/cmTC_d95f3.dir/build.make:97: recipe for target 'cmTC_d95f3' failed
make[1]: *** [cmTC_d95f3] Error 1
make[1]: Leaving directory '/home/kurt/Robotics/build/catkin_tools_prebuild/CMakeFiles/CMakeTmp'
Makefile:126: recipe for target 'cmTC_d95f3/fast' failed
make: *** [cmTC_d95f3/fast] Error 2

File /home/kurt/Robotics/build/catkin_tools_prebuild/CMakeFiles/CMakeTmp/CheckSymbolExists.c:
/* */
#include <pthread.h>

int main(int argc, char** argv)
{
  (void)argv;
#ifndef pthread_create
  return ((int*)(&pthread_create))[argc];
#else
  (void)argc;
  return 0;
#endif
}

Determining if the function pthread_create exists in the pthreads failed with the following output:
Change Dir: /home/kurt/Robotics/build/catkin_tools_prebuild/CMakeFiles/CMakeTmp

Run Build Command:"/usr/bin/make" "cmTC_4a20f/fast"
/usr/bin/make -f CMakeFiles/cmTC_4a20f.dir/build.make CMakeFiles/cmTC_4a20f.dir/build
make[1]: Entering directory '/home/kurt/Robotics/build/catkin_tools_prebuild/CMakeFiles/CMakeTmp'
Building C object CMakeFiles/cmTC_4a20f.dir/CheckFunctionExists.c.o
/usr/bin/cc   -DCHECK_FUNCTION_EXISTS=pthread_create   -o CMakeFiles/cmTC_4a20f.dir/CheckFunctionExists.c.o   -c /usr/share/cmake-3.10/Modules/CheckFunctionExists.c
Linking C executable cmTC_4a20f
/usr/bin/cmake -E cmake_link_script CMakeFiles/cmTC_4a20f.dir/link.txt --verbose=1
/usr/bin/cc  -DCHECK_FUNCTION_EXISTS=pthread_create    -rdynamic CMakeFiles/cmTC_4a20f.dir/CheckFunctionExists.c.o  -o cmTC_4a20f -lpthreads 
/usr/bin/ld: cannot find -lpthreads
collect2: error: ld returned 1 exit status
CMakeFiles/cmTC_4a20f.dir/build.make:97: recipe for target 'cmTC_4a20f' failed
make[1]: *** [cmTC_4a20f] Error 1
make[1]: Leaving directory '/home/kurt/Robotics/build/catkin_tools_prebuild/CMakeFiles/CMakeTmp'
Makefile:126: recipe for target 'cmTC_4a20f/fast' failed
make: *** [cmTC_4a20f/fast] Error 2


