Determining if the pthread_create exist failed with the following output:
Change Dir: /home/kurt/Robotics/build/sim_control/CMakeFiles/CMakeTmp

Run Build Command:"/usr/bin/make" "cmTC_bab2b/fast"
/usr/bin/make -f CMakeFiles/cmTC_bab2b.dir/build.make CMakeFiles/cmTC_bab2b.dir/build
make[1]: Entering directory '/home/kurt/Robotics/build/sim_control/CMakeFiles/CMakeTmp'
Building C object CMakeFiles/cmTC_bab2b.dir/CheckSymbolExists.c.o
/usr/bin/cc    -o CMakeFiles/cmTC_bab2b.dir/CheckSymbolExists.c.o   -c /home/kurt/Robotics/build/sim_control/CMakeFiles/CMakeTmp/CheckSymbolExists.c
Linking C executable cmTC_bab2b
/usr/bin/cmake -E cmake_link_script CMakeFiles/cmTC_bab2b.dir/link.txt --verbose=1
/usr/bin/cc      -rdynamic CMakeFiles/cmTC_bab2b.dir/CheckSymbolExists.c.o  -o cmTC_bab2b 
CMakeFiles/cmTC_bab2b.dir/CheckSymbolExists.c.o: In function `main':
CheckSymbolExists.c:(.text+0x1b): undefined reference to `pthread_create'
collect2: error: ld returned 1 exit status
CMakeFiles/cmTC_bab2b.dir/build.make:97: recipe for target 'cmTC_bab2b' failed
make[1]: *** [cmTC_bab2b] Error 1
make[1]: Leaving directory '/home/kurt/Robotics/build/sim_control/CMakeFiles/CMakeTmp'
Makefile:126: recipe for target 'cmTC_bab2b/fast' failed
make: *** [cmTC_bab2b/fast] Error 2

File /home/kurt/Robotics/build/sim_control/CMakeFiles/CMakeTmp/CheckSymbolExists.c:
/* */
#include <pthread.h>

int main(int argc, char** argv)
{
  (void)argv;
#ifndef pthread_create
  return ((int*)(&pthread_create))[argc];
#else
  (void)argc;
  return 0;
#endif
}

Determining if the function pthread_create exists in the pthreads failed with the following output:
Change Dir: /home/kurt/Robotics/build/sim_control/CMakeFiles/CMakeTmp

Run Build Command:"/usr/bin/make" "cmTC_fa319/fast"
/usr/bin/make -f CMakeFiles/cmTC_fa319.dir/build.make CMakeFiles/cmTC_fa319.dir/build
make[1]: Entering directory '/home/kurt/Robotics/build/sim_control/CMakeFiles/CMakeTmp'
Building C object CMakeFiles/cmTC_fa319.dir/CheckFunctionExists.c.o
/usr/bin/cc   -DCHECK_FUNCTION_EXISTS=pthread_create   -o CMakeFiles/cmTC_fa319.dir/CheckFunctionExists.c.o   -c /usr/share/cmake-3.10/Modules/CheckFunctionExists.c
Linking C executable cmTC_fa319
/usr/bin/cmake -E cmake_link_script CMakeFiles/cmTC_fa319.dir/link.txt --verbose=1
/usr/bin/cc  -DCHECK_FUNCTION_EXISTS=pthread_create    -rdynamic CMakeFiles/cmTC_fa319.dir/CheckFunctionExists.c.o  -o cmTC_fa319 -lpthreads 
/usr/bin/ld: cannot find -lpthreads
collect2: error: ld returned 1 exit status
CMakeFiles/cmTC_fa319.dir/build.make:97: recipe for target 'cmTC_fa319' failed
make[1]: *** [cmTC_fa319] Error 1
make[1]: Leaving directory '/home/kurt/Robotics/build/sim_control/CMakeFiles/CMakeTmp'
Makefile:126: recipe for target 'cmTC_fa319/fast' failed
make: *** [cmTC_fa319/fast] Error 2


