Linked: (/home/kurt/Robotics/devel/.private/ar3/share/roseus/ros/ar3/manifest.l, /home/kurt/Robotics/devel/share/roseus/ros/ar3/manifest.l)
Linked: (/home/kurt/Robotics/devel/.private/ar3/share/roseus/ros/ar3/msg/ar3_Feedback.l, /home/kurt/Robotics/devel/share/roseus/ros/ar3/msg/ar3_Feedback.l)
Symlinking /home/kurt/Robotics/devel/share/roseus/ros/ar3/msg/ar3_feedback.l
Linked: (/home/kurt/Robotics/devel/.private/ar3/share/ar3/cmake/ar3-msg-paths.cmake, /home/kurt/Robotics/devel/share/ar3/cmake/ar3-msg-paths.cmake)
Linked: (/home/kurt/Robotics/devel/.private/ar3/share/ar3/cmake/ar3Config.cmake, /home/kurt/Robotics/devel/share/ar3/cmake/ar3Config.cmake)
Linked: (/home/kurt/Robotics/devel/.private/ar3/share/ar3/cmake/ar3-msg-extras.cmake, /home/kurt/Robotics/devel/share/ar3/cmake/ar3-msg-extras.cmake)
Linked: (/home/kurt/Robotics/devel/.private/ar3/share/ar3/cmake/ar3Config-version.cmake, /home/kurt/Robotics/devel/share/ar3/cmake/ar3Config-version.cmake)
Symlinking /home/kurt/Robotics/devel/share/common-lisp/ros/ar3/msg/ar3_feedback.lisp
Linked: (/home/kurt/Robotics/devel/.private/ar3/share/common-lisp/ros/ar3/msg/_package.lisp, /home/kurt/Robotics/devel/share/common-lisp/ros/ar3/msg/_package.lisp)
Symlinking /home/kurt/Robotics/devel/share/common-lisp/ros/ar3/msg/_package_ar3_feedback.lisp
Linked: (/home/kurt/Robotics/devel/.private/ar3/share/common-lisp/ros/ar3/msg/ar3-msg.asd, /home/kurt/Robotics/devel/share/common-lisp/ros/ar3/msg/ar3-msg.asd)
Linked: (/home/kurt/Robotics/devel/.private/ar3/share/common-lisp/ros/ar3/msg/_package_ar3_Feedback.lisp, /home/kurt/Robotics/devel/share/common-lisp/ros/ar3/msg/_package_ar3_Feedback.lisp)
Linked: (/home/kurt/Robotics/devel/.private/ar3/share/common-lisp/ros/ar3/msg/ar3_Feedback.lisp, /home/kurt/Robotics/devel/share/common-lisp/ros/ar3/msg/ar3_Feedback.lisp)
Linked: (/home/kurt/Robotics/devel/.private/ar3/share/gennodejs/ros/ar3/_index.js, /home/kurt/Robotics/devel/share/gennodejs/ros/ar3/_index.js)
Linked: (/home/kurt/Robotics/devel/.private/ar3/share/gennodejs/ros/ar3/msg/ar3_Feedback.js, /home/kurt/Robotics/devel/share/gennodejs/ros/ar3/msg/ar3_Feedback.js)
Linked: (/home/kurt/Robotics/devel/.private/ar3/share/gennodejs/ros/ar3/msg/_index.js, /home/kurt/Robotics/devel/share/gennodejs/ros/ar3/msg/_index.js)
Symlinking /home/kurt/Robotics/devel/share/gennodejs/ros/ar3/msg/ar3_feedback.js
Linked: (/home/kurt/Robotics/devel/.private/ar3/include/ar3/ar3_Feedback.h, /home/kurt/Robotics/devel/include/ar3/ar3_Feedback.h)
Symlinking /home/kurt/Robotics/devel/include/ar3/ar3_feedback.h
Linked: (/home/kurt/Robotics/devel/.private/ar3/lib/pkgconfig/ar3.pc, /home/kurt/Robotics/devel/lib/pkgconfig/ar3.pc)
Linked: (/home/kurt/Robotics/devel/.private/ar3/lib/python2.7/dist-packages/ar3/__init__.py, /home/kurt/Robotics/devel/lib/python2.7/dist-packages/ar3/__init__.py)
Linked: (/home/kurt/Robotics/devel/.private/ar3/lib/python2.7/dist-packages/ar3/msg/__init__.py, /home/kurt/Robotics/devel/lib/python2.7/dist-packages/ar3/msg/__init__.py)
Linked: (/home/kurt/Robotics/devel/.private/ar3/lib/python2.7/dist-packages/ar3/msg/_ar3_Feedback.py, /home/kurt/Robotics/devel/lib/python2.7/dist-packages/ar3/msg/_ar3_Feedback.py)
Symlinking /home/kurt/Robotics/devel/lib/python2.7/dist-packages/ar3/msg/_ar3_feedback.py
