[35m[1mScanning dependencies of target _ar3_generate_messages_check_deps_ar3_control[0m
[  0%] Built target std_msgs_generate_messages_py
[  0%] Built target std_msgs_generate_messages_eus
[  0%] Built target _ar3_generate_messages_check_deps_ar3_control
[  0%] Built target std_msgs_generate_messages_nodejs
[  0%] Built target _ar3_generate_messages_check_deps_ar3_feedback
[  0%] Built target std_msgs_generate_messages_lisp
[ 16%] [34m[1mGenerating Python from MSG ar3/ar3_control[0m
[ 16%] [34m[1mGenerating EusLisp code from ar3/ar3_control.msg[0m
[ 16%] Built target std_msgs_generate_messages_cpp
[ 25%] [34m[1mGenerating Javascript code from ar3/ar3_control.msg[0m
[ 33%] [34m[1mGenerating Lisp code from ar3/ar3_control.msg[0m
[ 41%] Built target ar3_generate_messages_nodejs
[ 50%] Built target ar3_generate_messages_lisp
[ 66%] Built target ar3_generate_messages_eus
[ 75%] [34m[1mGenerating C++ code from ar3/ar3_control.msg[0m
[ 83%] [34m[1mGenerating Python msg __init__.py for ar3[0m
[ 91%] Built target ar3_generate_messages_py
[100%] Built target ar3_generate_messages_cpp
[100%] Built target ar3_generate_messages
