Determining if the pthread_create exist failed with the following output:
Change Dir: /home/kurt/Robotics/build/utils/CMakeFiles/CMakeTmp

Run Build Command:"/usr/bin/make" "cmTC_0cc21/fast"
/usr/bin/make -f CMakeFiles/cmTC_0cc21.dir/build.make CMakeFiles/cmTC_0cc21.dir/build
make[1]: Entering directory '/home/kurt/Robotics/build/utils/CMakeFiles/CMakeTmp'
Building C object CMakeFiles/cmTC_0cc21.dir/CheckSymbolExists.c.o
/usr/bin/cc    -o CMakeFiles/cmTC_0cc21.dir/CheckSymbolExists.c.o   -c /home/kurt/Robotics/build/utils/CMakeFiles/CMakeTmp/CheckSymbolExists.c
Linking C executable cmTC_0cc21
/usr/bin/cmake -E cmake_link_script CMakeFiles/cmTC_0cc21.dir/link.txt --verbose=1
/usr/bin/cc      -rdynamic CMakeFiles/cmTC_0cc21.dir/CheckSymbolExists.c.o  -o cmTC_0cc21 
CMakeFiles/cmTC_0cc21.dir/CheckSymbolExists.c.o: In function `main':
CheckSymbolExists.c:(.text+0x1b): undefined reference to `pthread_create'
collect2: error: ld returned 1 exit status
CMakeFiles/cmTC_0cc21.dir/build.make:97: recipe for target 'cmTC_0cc21' failed
make[1]: *** [cmTC_0cc21] Error 1
make[1]: Leaving directory '/home/kurt/Robotics/build/utils/CMakeFiles/CMakeTmp'
Makefile:126: recipe for target 'cmTC_0cc21/fast' failed
make: *** [cmTC_0cc21/fast] Error 2

File /home/kurt/Robotics/build/utils/CMakeFiles/CMakeTmp/CheckSymbolExists.c:
/* */
#include <pthread.h>

int main(int argc, char** argv)
{
  (void)argv;
#ifndef pthread_create
  return ((int*)(&pthread_create))[argc];
#else
  (void)argc;
  return 0;
#endif
}

Determining if the function pthread_create exists in the pthreads failed with the following output:
Change Dir: /home/kurt/Robotics/build/utils/CMakeFiles/CMakeTmp

Run Build Command:"/usr/bin/make" "cmTC_2d64b/fast"
/usr/bin/make -f CMakeFiles/cmTC_2d64b.dir/build.make CMakeFiles/cmTC_2d64b.dir/build
make[1]: Entering directory '/home/kurt/Robotics/build/utils/CMakeFiles/CMakeTmp'
Building C object CMakeFiles/cmTC_2d64b.dir/CheckFunctionExists.c.o
/usr/bin/cc   -DCHECK_FUNCTION_EXISTS=pthread_create   -o CMakeFiles/cmTC_2d64b.dir/CheckFunctionExists.c.o   -c /usr/share/cmake-3.10/Modules/CheckFunctionExists.c
Linking C executable cmTC_2d64b
/usr/bin/cmake -E cmake_link_script CMakeFiles/cmTC_2d64b.dir/link.txt --verbose=1
/usr/bin/cc  -DCHECK_FUNCTION_EXISTS=pthread_create    -rdynamic CMakeFiles/cmTC_2d64b.dir/CheckFunctionExists.c.o  -o cmTC_2d64b -lpthreads 
/usr/bin/ld: cannot find -lpthreads
collect2: error: ld returned 1 exit status
CMakeFiles/cmTC_2d64b.dir/build.make:97: recipe for target 'cmTC_2d64b' failed
make[1]: *** [cmTC_2d64b] Error 1
make[1]: Leaving directory '/home/kurt/Robotics/build/utils/CMakeFiles/CMakeTmp'
Makefile:126: recipe for target 'cmTC_2d64b/fast' failed
make: *** [cmTC_2d64b/fast] Error 2


